{
    "contracts/DictatorDAO.sol": {
        "l": {
            "73": 9,
            "74": 9,
            "75": 9,
            "76": 9,
            "97": 7,
            "105": 9,
            "106": 9,
            "107": 8,
            "108": 7,
            "109": 6,
            "110": 4,
            "111": 3,
            "113": 3,
            "114": 3,
            "116": 3,
            "117": 3,
            "118": 3,
            "119": 3,
            "122": 6,
            "126": 5,
            "127": 1,
            "129": 4,
            "131": 4,
            "132": 2,
            "133": 1,
            "146": 6,
            "147": 3,
            "160": 4,
            "161": 3,
            "162": 3,
            "174": 3,
            "175": 3,
            "176": 3,
            "181": 1,
            "202": 5,
            "203": 4,
            "204": 3,
            "224": 2,
            "225": 2,
            "233": 11,
            "234": 10,
            "235": 10,
            "236": 6,
            "237": 2,
            "238": 2,
            "240": 4,
            "241": 3,
            "242": 1,
            "247": 2,
            "248": 2,
            "255": 11,
            "257": 11,
            "258": 11,
            "262": 11,
            "263": 11,
            "264": 11,
            "265": 10,
            "267": 1,
            "268": 1,
            "270": 10,
            "272": 11,
            "274": 11,
            "275": 11,
            "276": 11,
            "277": 11,
            "279": 11,
            "281": 11,
            "282": 11,
            "287": 8,
            "288": 8,
            "289": 7,
            "290": 7,
            "291": 6,
            "292": 6,
            "294": 7,
            "296": 8,
            "304": 6,
            "305": 5,
            "306": 5,
            "307": 4,
            "309": 4,
            "310": 4,
            "311": 4,
            "313": 4,
            "315": 4,
            "319": 5,
            "320": 3,
            "328": 1,
            "329": 1,
            "330": 1,
            "362": 9,
            "363": 8,
            "365": 7,
            "366": 7,
            "367": 7,
            "369": 7,
            "370": 7,
            "378": 2,
            "380": 1,
            "381": 1,
            "383": 1,
            "391": 8,
            "392": 7,
            "394": 6,
            "395": 6,
            "396": 6,
            "397": 5,
            "399": 3,
            "402": 3,
            "404": 3,
            "406": 2,
            "408": 2
        },
        "path": "/home/herman/projects/barry/majordomo/dictator-dao/contracts/DictatorDAO.sol",
        "s": {
            "1": 9,
            "2": 9,
            "3": 9,
            "4": 9,
            "5": 7,
            "6": 9,
            "7": 9,
            "8": 8,
            "9": 7,
            "10": 6,
            "11": 4,
            "12": 3,
            "13": 3,
            "14": 3,
            "15": 3,
            "16": 3,
            "17": 3,
            "18": 3,
            "19": 6,
            "20": 5,
            "21": 1,
            "22": 4,
            "23": 4,
            "24": 2,
            "25": 1,
            "26": 6,
            "27": 3,
            "28": 4,
            "29": 3,
            "30": 3,
            "31": 3,
            "32": 3,
            "33": 3,
            "34": 1,
            "35": 5,
            "36": 4,
            "37": 3,
            "38": 2,
            "39": 2,
            "40": 11,
            "41": 10,
            "42": 10,
            "43": 6,
            "44": 2,
            "45": 2,
            "46": 4,
            "47": 3,
            "48": 1,
            "49": 2,
            "50": 2,
            "51": 11,
            "52": 11,
            "53": 11,
            "54": 11,
            "55": 11,
            "56": 11,
            "57": 10,
            "58": 1,
            "59": 1,
            "60": 10,
            "61": 11,
            "62": 11,
            "63": 11,
            "64": 11,
            "65": 11,
            "66": 11,
            "67": 11,
            "68": 11,
            "69": 8,
            "70": 8,
            "71": 7,
            "72": 7,
            "73": 6,
            "74": 6,
            "75": 7,
            "76": 8,
            "77": 6,
            "78": 5,
            "79": 5,
            "80": 4,
            "81": 4,
            "82": 4,
            "83": 4,
            "84": 4,
            "85": 4,
            "86": 5,
            "87": 3,
            "88": 1,
            "89": 1,
            "90": 1,
            "91": 9,
            "92": 8,
            "93": 7,
            "94": 7,
            "95": 7,
            "96": 7,
            "97": 7,
            "98": 2,
            "99": 1,
            "100": 1,
            "101": 1,
            "102": 8,
            "103": 7,
            "104": 6,
            "105": 6,
            "106": 6,
            "107": 5,
            "108": 3,
            "109": 3,
            "110": 3,
            "111": 2,
            "112": 2
        },
        "b": {
            "1": [8, 1],
            "2": [7, 1],
            "3": [6, 1],
            "4": [4, 2],
            "5": [3, 1],
            "6": [1, 4],
            "7": [2, 2],
            "8": [1, 1],
            "9": [4, 1],
            "10": [3, 1],
            "11": [2, 1],
            "12": [10, 1],
            "13": [6, 4],
            "14": [2, 4],
            "15": [3, 1],
            "16": [1, 2],
            "17": [10, 1],
            "18": [1, 9],
            "19": [7, 1],
            "20": [6, 1],
            "21": [5, 1],
            "22": [4, 1],
            "23": [8, 1],
            "24": [7, 1],
            "25": [1, 1],
            "26": [7, 1],
            "27": [6, 1],
            "28": [5, 1],
            "29": [3, 2],
            "30": [2, 1]
        },
        "f": {
            "1": 9,
            "2": 7,
            "3": 9,
            "4": 5,
            "5": 6,
            "6": 4,
            "7": 3,
            "8": 1,
            "9": 5,
            "10": 11,
            "11": 11,
            "12": 8,
            "13": 6,
            "14": 5,
            "15": 1,
            "16": 9,
            "17": 2,
            "18": 8
        },
        "fnMap": {
            "1": { "name": "constructor", "line": 67, "loc": { "start": { "line": 67, "column": 4 }, "end": { "line": 77, "column": 4 } } },
            "2": { "name": "balanceOf", "line": 91, "loc": { "start": { "line": 91, "column": 4 }, "end": { "line": 98, "column": 4 } } },
            "3": { "name": "_transfer", "line": 100, "loc": { "start": { "line": 100, "column": 4 }, "end": { "line": 123, "column": 4 } } },
            "4": { "name": "_useAllowance", "line": 125, "loc": { "start": { "line": 125, "column": 4 }, "end": { "line": 135, "column": 4 } } },
            "5": { "name": "transfer", "line": 141, "loc": { "start": { "line": 141, "column": 4 }, "end": { "line": 148, "column": 4 } } },
            "6": { "name": "transferFrom", "line": 155, "loc": { "start": { "line": 155, "column": 4 }, "end": { "line": 163, "column": 4 } } },
            "7": { "name": "approve", "line": 169, "loc": { "start": { "line": 169, "column": 4 }, "end": { "line": 177, "column": 4 } } },
            "8": {
                "name": "DOMAIN_SEPARATOR",
                "line": 180,
                "loc": { "start": { "line": 180, "column": 4 }, "end": { "line": 182, "column": 4 } }
            },
            "9": { "name": "permit", "line": 193, "loc": { "start": { "line": 193, "column": 4 }, "end": { "line": 226, "column": 4 } } },
            "10": { "name": "setOperator", "line": 232, "loc": { "start": { "line": 232, "column": 4 }, "end": { "line": 250, "column": 4 } } },
            "11": { "name": "mint", "line": 254, "loc": { "start": { "line": 254, "column": 4 }, "end": { "line": 283, "column": 4 } } },
            "12": { "name": "vote", "line": 286, "loc": { "start": { "line": 286, "column": 4 }, "end": { "line": 297, "column": 4 } } },
            "13": { "name": "_burn", "line": 299, "loc": { "start": { "line": 299, "column": 4 }, "end": { "line": 316, "column": 4 } } },
            "14": { "name": "burn", "line": 318, "loc": { "start": { "line": 318, "column": 4 }, "end": { "line": 321, "column": 4 } } },
            "15": { "name": "burnFrom", "line": 323, "loc": { "start": { "line": 323, "column": 4 }, "end": { "line": 331, "column": 4 } } },
            "16": {
                "name": "queueTransaction",
                "line": 357,
                "loc": { "start": { "line": 357, "column": 4 }, "end": { "line": 371, "column": 4 } }
            },
            "17": {
                "name": "cancelTransaction",
                "line": 373,
                "loc": { "start": { "line": 373, "column": 4 }, "end": { "line": 384, "column": 4 } }
            },
            "18": {
                "name": "executeTransaction",
                "line": 386,
                "loc": { "start": { "line": 386, "column": 4 }, "end": { "line": 409, "column": 4 } }
            }
        },
        "statementMap": {
            "1": { "start": { "line": 73, "column": 8 }, "end": { "line": 73, "column": 28 } },
            "2": { "start": { "line": 74, "column": 8 }, "end": { "line": 74, "column": 24 } },
            "3": { "start": { "line": 75, "column": 8 }, "end": { "line": 75, "column": 21 } },
            "4": { "start": { "line": 76, "column": 8 }, "end": { "line": 76, "column": 33 } },
            "5": { "start": { "line": 97, "column": 8 }, "end": { "line": 97, "column": 34 } },
            "6": { "start": { "line": 105, "column": 8 }, "end": { "line": 105, "column": 42 } },
            "7": { "start": { "line": 106, "column": 8 }, "end": { "line": 106, "column": 65 } },
            "8": { "start": { "line": 107, "column": 8 }, "end": { "line": 107, "column": 3075 } },
            "9": { "start": { "line": 108, "column": 12 }, "end": { "line": 108, "column": 61 } },
            "10": { "start": { "line": 109, "column": 12 }, "end": { "line": 109, "column": 3174 } },
            "11": { "start": { "line": 110, "column": 16 }, "end": { "line": 110, "column": 56 } },
            "12": { "start": { "line": 111, "column": 16 }, "end": { "line": 111, "column": 46 } },
            "13": { "start": { "line": 113, "column": 16 }, "end": { "line": 113, "column": 49 } },
            "14": { "start": { "line": 114, "column": 16 }, "end": { "line": 114, "column": 53 } },
            "15": { "start": { "line": 116, "column": 16 }, "end": { "line": 116, "column": 70 } },
            "16": { "start": { "line": 117, "column": 16 }, "end": { "line": 117, "column": 66 } },
            "17": { "start": { "line": 118, "column": 16 }, "end": { "line": 118, "column": 44 } },
            "18": { "start": { "line": 119, "column": 16 }, "end": { "line": 119, "column": 42 } },
            "19": { "start": { "line": 122, "column": 8 }, "end": { "line": 122, "column": 39 } },
            "20": { "start": { "line": 126, "column": 8 }, "end": { "line": 126, "column": 3927 } },
            "21": { "start": { "line": 127, "column": 12 }, "end": { "line": 127, "column": 18 } },
            "22": { "start": { "line": 129, "column": 8 }, "end": { "line": 129, "column": 62 } },
            "23": { "start": { "line": 131, "column": 8 }, "end": { "line": 131, "column": 4147 } },
            "24": { "start": { "line": 132, "column": 12 }, "end": { "line": 132, "column": 63 } },
            "25": { "start": { "line": 133, "column": 12 }, "end": { "line": 133, "column": 66 } },
            "26": { "start": { "line": 146, "column": 8 }, "end": { "line": 146, "column": 40 } },
            "27": { "start": { "line": 147, "column": 8 }, "end": { "line": 147, "column": 19 } },
            "28": { "start": { "line": 160, "column": 8 }, "end": { "line": 160, "column": 34 } },
            "29": { "start": { "line": 161, "column": 8 }, "end": { "line": 161, "column": 34 } },
            "30": { "start": { "line": 162, "column": 8 }, "end": { "line": 162, "column": 19 } },
            "31": { "start": { "line": 174, "column": 8 }, "end": { "line": 174, "column": 46 } },
            "32": { "start": { "line": 175, "column": 8 }, "end": { "line": 175, "column": 50 } },
            "33": { "start": { "line": 176, "column": 8 }, "end": { "line": 176, "column": 19 } },
            "34": { "start": { "line": 181, "column": 8 }, "end": { "line": 181, "column": 33 } },
            "35": { "start": { "line": 202, "column": 8 }, "end": { "line": 202, "column": 50 } },
            "36": { "start": { "line": 203, "column": 8 }, "end": { "line": 203, "column": 53 } },
            "37": { "start": { "line": 204, "column": 8 }, "end": { "line": 204, "column": 6922 } },
            "38": { "start": { "line": 224, "column": 8 }, "end": { "line": 224, "column": 41 } },
            "39": { "start": { "line": 225, "column": 8 }, "end": { "line": 225, "column": 45 } },
            "40": { "start": { "line": 233, "column": 8 }, "end": { "line": 233, "column": 58 } },
            "41": { "start": { "line": 234, "column": 8 }, "end": { "line": 234, "column": 58 } },
            "42": { "start": { "line": 235, "column": 8 }, "end": { "line": 235, "column": 7859 } },
            "43": { "start": { "line": 236, "column": 12 }, "end": { "line": 236, "column": 73 } },
            "44": { "start": { "line": 237, "column": 12 }, "end": { "line": 237, "column": 40 } },
            "45": { "start": { "line": 238, "column": 12 }, "end": { "line": 238, "column": 57 } },
            "46": { "start": { "line": 240, "column": 12 }, "end": { "line": 240, "column": 8109 } },
            "47": { "start": { "line": 241, "column": 16 }, "end": { "line": 241, "column": 77 } },
            "48": { "start": { "line": 242, "column": 16 }, "end": { "line": 242, "column": 41 } },
            "49": { "start": { "line": 247, "column": 12 }, "end": { "line": 247, "column": 39 } },
            "50": { "start": { "line": 248, "column": 12 }, "end": { "line": 248, "column": 34 } },
            "51": { "start": { "line": 255, "column": 8 }, "end": { "line": 255, "column": 44 } },
            "52": { "start": { "line": 257, "column": 8 }, "end": { "line": 257, "column": 60 } },
            "53": { "start": { "line": 258, "column": 8 }, "end": { "line": 258, "column": 9042 } },
            "54": { "start": { "line": 262, "column": 8 }, "end": { "line": 262, "column": 50 } },
            "55": { "start": { "line": 263, "column": 8 }, "end": { "line": 263, "column": 35 } },
            "56": { "start": { "line": 264, "column": 8 }, "end": { "line": 264, "column": 9244 } },
            "57": { "start": { "line": 265, "column": 12 }, "end": { "line": 265, "column": 9295 } },
            "58": { "start": { "line": 267, "column": 16 }, "end": { "line": 267, "column": 49 } },
            "59": { "start": { "line": 268, "column": 16 }, "end": { "line": 268, "column": 41 } },
            "60": { "start": { "line": 270, "column": 12 }, "end": { "line": 270, "column": 46 } },
            "61": { "start": { "line": 272, "column": 8 }, "end": { "line": 272, "column": 40 } },
            "62": { "start": { "line": 274, "column": 8 }, "end": { "line": 274, "column": 37 } },
            "63": { "start": { "line": 275, "column": 8 }, "end": { "line": 275, "column": 62 } },
            "64": { "start": { "line": 276, "column": 8 }, "end": { "line": 276, "column": 31 } },
            "65": { "start": { "line": 277, "column": 8 }, "end": { "line": 277, "column": 28 } },
            "66": { "start": { "line": 279, "column": 8 }, "end": { "line": 279, "column": 60 } },
            "67": { "start": { "line": 281, "column": 8 }, "end": { "line": 281, "column": 53 } },
            "68": { "start": { "line": 282, "column": 8 }, "end": { "line": 282, "column": 19 } },
            "69": { "start": { "line": 287, "column": 8 }, "end": { "line": 287, "column": 50 } },
            "70": { "start": { "line": 288, "column": 8 }, "end": { "line": 288, "column": 10096 } },
            "71": { "start": { "line": 289, "column": 12 }, "end": { "line": 289, "column": 48 } },
            "72": { "start": { "line": 290, "column": 12 }, "end": { "line": 290, "column": 10197 } },
            "73": { "start": { "line": 291, "column": 16 }, "end": { "line": 291, "column": 49 } },
            "74": { "start": { "line": 292, "column": 16 }, "end": { "line": 292, "column": 50 } },
            "75": { "start": { "line": 294, "column": 12 }, "end": { "line": 294, "column": 46 } },
            "76": { "start": { "line": 296, "column": 8 }, "end": { "line": 296, "column": 19 } },
            "77": { "start": { "line": 304, "column": 8 }, "end": { "line": 304, "column": 48 } },
            "78": { "start": { "line": 305, "column": 8 }, "end": { "line": 305, "column": 38 } },
            "79": { "start": { "line": 306, "column": 8 }, "end": { "line": 306, "column": 61 } },
            "80": { "start": { "line": 307, "column": 8 }, "end": { "line": 307, "column": 10747 } },
            "81": { "start": { "line": 309, "column": 8 }, "end": { "line": 309, "column": 61 } },
            "82": { "start": { "line": 310, "column": 8 }, "end": { "line": 310, "column": 28 } },
            "83": { "start": { "line": 311, "column": 8 }, "end": { "line": 311, "column": 38 } },
            "84": { "start": { "line": 313, "column": 8 }, "end": { "line": 313, "column": 33 } },
            "85": { "start": { "line": 315, "column": 8 }, "end": { "line": 315, "column": 47 } },
            "86": { "start": { "line": 319, "column": 8 }, "end": { "line": 319, "column": 36 } },
            "87": { "start": { "line": 320, "column": 8 }, "end": { "line": 320, "column": 19 } },
            "88": { "start": { "line": 328, "column": 8 }, "end": { "line": 328, "column": 34 } },
            "89": { "start": { "line": 329, "column": 8 }, "end": { "line": 329, "column": 30 } },
            "90": { "start": { "line": 330, "column": 8 }, "end": { "line": 330, "column": 19 } },
            "91": { "start": { "line": 362, "column": 8 }, "end": { "line": 362, "column": 55 } },
            "92": { "start": { "line": 363, "column": 8 }, "end": { "line": 363, "column": 69 } },
            "93": { "start": { "line": 365, "column": 8 }, "end": { "line": 365, "column": 67 } },
            "94": { "start": { "line": 366, "column": 8 }, "end": { "line": 366, "column": 45 } },
            "95": { "start": { "line": 367, "column": 8 }, "end": { "line": 367, "column": 39 } },
            "96": { "start": { "line": 369, "column": 8 }, "end": { "line": 369, "column": 63 } },
            "97": { "start": { "line": 370, "column": 8 }, "end": { "line": 370, "column": 21 } },
            "98": { "start": { "line": 378, "column": 8 }, "end": { "line": 378, "column": 55 } },
            "99": { "start": { "line": 380, "column": 8 }, "end": { "line": 380, "column": 67 } },
            "100": { "start": { "line": 381, "column": 8 }, "end": { "line": 381, "column": 37 } },
            "101": { "start": { "line": 383, "column": 8 }, "end": { "line": 383, "column": 59 } },
            "102": { "start": { "line": 391, "column": 8 }, "end": { "line": 391, "column": 55 } },
            "103": { "start": { "line": 392, "column": 8 }, "end": { "line": 392, "column": 69 } },
            "104": { "start": { "line": 394, "column": 8 }, "end": { "line": 394, "column": 67 } },
            "105": { "start": { "line": 395, "column": 8 }, "end": { "line": 395, "column": 48 } },
            "106": { "start": { "line": 396, "column": 8 }, "end": { "line": 396, "column": 51 } },
            "107": { "start": { "line": 397, "column": 8 }, "end": { "line": 397, "column": 65 } },
            "108": { "start": { "line": 399, "column": 8 }, "end": { "line": 399, "column": 37 } },
            "109": { "start": { "line": 402, "column": 8 }, "end": { "line": 402, "column": 13532 } },
            "110": { "start": { "line": 404, "column": 8 }, "end": { "line": 404, "column": 41 } },
            "111": { "start": { "line": 406, "column": 8 }, "end": { "line": 406, "column": 60 } },
            "112": { "start": { "line": 408, "column": 8 }, "end": { "line": 408, "column": 25 } }
        },
        "branchMap": {
            "1": {
                "line": 106,
                "type": "if",
                "locations": [
                    { "start": { "line": 106, "column": 8 }, "end": { "line": 106, "column": 8 } },
                    { "start": { "line": 106, "column": 8 }, "end": { "line": 106, "column": 8 } }
                ]
            },
            "2": {
                "line": 107,
                "type": "if",
                "locations": [
                    { "start": { "line": 107, "column": 8 }, "end": { "line": 107, "column": 8 } },
                    { "start": { "line": 107, "column": 8 }, "end": { "line": 107, "column": 8 } }
                ]
            },
            "3": {
                "line": 108,
                "type": "if",
                "locations": [
                    { "start": { "line": 108, "column": 12 }, "end": { "line": 108, "column": 12 } },
                    { "start": { "line": 108, "column": 12 }, "end": { "line": 108, "column": 12 } }
                ]
            },
            "4": {
                "line": 109,
                "type": "if",
                "locations": [
                    { "start": { "line": 109, "column": 12 }, "end": { "line": 109, "column": 12 } },
                    { "start": { "line": 109, "column": 12 }, "end": { "line": 109, "column": 12 } }
                ]
            },
            "5": {
                "line": 110,
                "type": "if",
                "locations": [
                    { "start": { "line": 110, "column": 16 }, "end": { "line": 110, "column": 16 } },
                    { "start": { "line": 110, "column": 16 }, "end": { "line": 110, "column": 16 } }
                ]
            },
            "6": {
                "line": 126,
                "type": "if",
                "locations": [
                    { "start": { "line": 126, "column": 8 }, "end": { "line": 126, "column": 8 } },
                    { "start": { "line": 126, "column": 8 }, "end": { "line": 126, "column": 8 } }
                ]
            },
            "7": {
                "line": 131,
                "type": "if",
                "locations": [
                    { "start": { "line": 131, "column": 8 }, "end": { "line": 131, "column": 8 } },
                    { "start": { "line": 131, "column": 8 }, "end": { "line": 131, "column": 8 } }
                ]
            },
            "8": {
                "line": 132,
                "type": "if",
                "locations": [
                    { "start": { "line": 132, "column": 12 }, "end": { "line": 132, "column": 12 } },
                    { "start": { "line": 132, "column": 12 }, "end": { "line": 132, "column": 12 } }
                ]
            },
            "9": {
                "line": 202,
                "type": "if",
                "locations": [
                    { "start": { "line": 202, "column": 8 }, "end": { "line": 202, "column": 8 } },
                    { "start": { "line": 202, "column": 8 }, "end": { "line": 202, "column": 8 } }
                ]
            },
            "10": {
                "line": 203,
                "type": "if",
                "locations": [
                    { "start": { "line": 203, "column": 8 }, "end": { "line": 203, "column": 8 } },
                    { "start": { "line": 203, "column": 8 }, "end": { "line": 203, "column": 8 } }
                ]
            },
            "11": {
                "line": 204,
                "type": "if",
                "locations": [
                    { "start": { "line": 204, "column": 8 }, "end": { "line": 204, "column": 8 } },
                    { "start": { "line": 204, "column": 8 }, "end": { "line": 204, "column": 8 } }
                ]
            },
            "12": {
                "line": 233,
                "type": "if",
                "locations": [
                    { "start": { "line": 233, "column": 8 }, "end": { "line": 233, "column": 8 } },
                    { "start": { "line": 233, "column": 8 }, "end": { "line": 233, "column": 8 } }
                ]
            },
            "13": {
                "line": 235,
                "type": "if",
                "locations": [
                    { "start": { "line": 235, "column": 8 }, "end": { "line": 235, "column": 8 } },
                    { "start": { "line": 235, "column": 8 }, "end": { "line": 235, "column": 8 } }
                ]
            },
            "14": {
                "line": 236,
                "type": "if",
                "locations": [
                    { "start": { "line": 236, "column": 12 }, "end": { "line": 236, "column": 12 } },
                    { "start": { "line": 236, "column": 12 }, "end": { "line": 236, "column": 12 } }
                ]
            },
            "15": {
                "line": 240,
                "type": "if",
                "locations": [
                    { "start": { "line": 240, "column": 12 }, "end": { "line": 240, "column": 12 } },
                    { "start": { "line": 240, "column": 12 }, "end": { "line": 240, "column": 12 } }
                ]
            },
            "16": {
                "line": 241,
                "type": "if",
                "locations": [
                    { "start": { "line": 241, "column": 16 }, "end": { "line": 241, "column": 16 } },
                    { "start": { "line": 241, "column": 16 }, "end": { "line": 241, "column": 16 } }
                ]
            },
            "17": {
                "line": 264,
                "type": "if",
                "locations": [
                    { "start": { "line": 264, "column": 8 }, "end": { "line": 264, "column": 8 } },
                    { "start": { "line": 264, "column": 8 }, "end": { "line": 264, "column": 8 } }
                ]
            },
            "18": {
                "line": 265,
                "type": "if",
                "locations": [
                    { "start": { "line": 265, "column": 12 }, "end": { "line": 265, "column": 12 } },
                    { "start": { "line": 265, "column": 12 }, "end": { "line": 265, "column": 12 } }
                ]
            },
            "19": {
                "line": 288,
                "type": "if",
                "locations": [
                    { "start": { "line": 288, "column": 8 }, "end": { "line": 288, "column": 8 } },
                    { "start": { "line": 288, "column": 8 }, "end": { "line": 288, "column": 8 } }
                ]
            },
            "20": {
                "line": 290,
                "type": "if",
                "locations": [
                    { "start": { "line": 290, "column": 12 }, "end": { "line": 290, "column": 12 } },
                    { "start": { "line": 290, "column": 12 }, "end": { "line": 290, "column": 12 } }
                ]
            },
            "21": {
                "line": 304,
                "type": "if",
                "locations": [
                    { "start": { "line": 304, "column": 8 }, "end": { "line": 304, "column": 8 } },
                    { "start": { "line": 304, "column": 8 }, "end": { "line": 304, "column": 8 } }
                ]
            },
            "22": {
                "line": 306,
                "type": "if",
                "locations": [
                    { "start": { "line": 306, "column": 8 }, "end": { "line": 306, "column": 8 } },
                    { "start": { "line": 306, "column": 8 }, "end": { "line": 306, "column": 8 } }
                ]
            },
            "23": {
                "line": 362,
                "type": "if",
                "locations": [
                    { "start": { "line": 362, "column": 8 }, "end": { "line": 362, "column": 8 } },
                    { "start": { "line": 362, "column": 8 }, "end": { "line": 362, "column": 8 } }
                ]
            },
            "24": {
                "line": 363,
                "type": "if",
                "locations": [
                    { "start": { "line": 363, "column": 8 }, "end": { "line": 363, "column": 8 } },
                    { "start": { "line": 363, "column": 8 }, "end": { "line": 363, "column": 8 } }
                ]
            },
            "25": {
                "line": 378,
                "type": "if",
                "locations": [
                    { "start": { "line": 378, "column": 8 }, "end": { "line": 378, "column": 8 } },
                    { "start": { "line": 378, "column": 8 }, "end": { "line": 378, "column": 8 } }
                ]
            },
            "26": {
                "line": 391,
                "type": "if",
                "locations": [
                    { "start": { "line": 391, "column": 8 }, "end": { "line": 391, "column": 8 } },
                    { "start": { "line": 391, "column": 8 }, "end": { "line": 391, "column": 8 } }
                ]
            },
            "27": {
                "line": 392,
                "type": "if",
                "locations": [
                    { "start": { "line": 392, "column": 8 }, "end": { "line": 392, "column": 8 } },
                    { "start": { "line": 392, "column": 8 }, "end": { "line": 392, "column": 8 } }
                ]
            },
            "28": {
                "line": 396,
                "type": "if",
                "locations": [
                    { "start": { "line": 396, "column": 8 }, "end": { "line": 396, "column": 8 } },
                    { "start": { "line": 396, "column": 8 }, "end": { "line": 396, "column": 8 } }
                ]
            },
            "29": {
                "line": 397,
                "type": "if",
                "locations": [
                    { "start": { "line": 397, "column": 8 }, "end": { "line": 397, "column": 8 } },
                    { "start": { "line": 397, "column": 8 }, "end": { "line": 397, "column": 8 } }
                ]
            },
            "30": {
                "line": 404,
                "type": "if",
                "locations": [
                    { "start": { "line": 404, "column": 8 }, "end": { "line": 404, "column": 8 } },
                    { "start": { "line": 404, "column": 8 }, "end": { "line": 404, "column": 8 } }
                ]
            }
        }
    }
}
