TN:
SF:/home/herman/projects/barry/majordomo/dictator-dao/contracts/DictatorDAO.sol
FN:67,constructor
FN:91,balanceOf
FN:100,_transfer
FN:125,_useAllowance
FN:141,transfer
FN:155,transferFrom
FN:169,approve
FN:180,DOMAIN_SEPARATOR
FN:193,permit
FN:232,setOperator
FN:254,mint
FN:286,vote
FN:299,_burn
FN:318,burn
FN:323,burnFrom
FN:357,queueTransaction
FN:373,cancelTransaction
FN:386,executeTransaction
FNF:18
FNH:18
FNDA:9,constructor
FNDA:7,balanceOf
FNDA:9,_transfer
FNDA:5,_useAllowance
FNDA:6,transfer
FNDA:4,transferFrom
FNDA:3,approve
FNDA:1,DOMAIN_SEPARATOR
FNDA:5,permit
FNDA:11,setOperator
FNDA:11,mint
FNDA:8,vote
FNDA:6,_burn
FNDA:5,burn
FNDA:1,burnFrom
FNDA:9,queueTransaction
FNDA:2,cancelTransaction
FNDA:8,executeTransaction
DA:73,9
DA:74,9
DA:75,9
DA:76,9
DA:97,7
DA:105,9
DA:106,9
DA:107,8
DA:108,7
DA:109,6
DA:110,4
DA:111,3
DA:113,3
DA:114,3
DA:116,3
DA:117,3
DA:118,3
DA:119,3
DA:122,6
DA:126,5
DA:127,1
DA:129,4
DA:131,4
DA:132,2
DA:133,1
DA:146,6
DA:147,3
DA:160,4
DA:161,3
DA:162,3
DA:174,3
DA:175,3
DA:176,3
DA:181,1
DA:202,5
DA:203,4
DA:204,3
DA:224,2
DA:225,2
DA:233,11
DA:234,10
DA:235,10
DA:236,6
DA:237,2
DA:238,2
DA:240,4
DA:241,3
DA:242,1
DA:247,2
DA:248,2
DA:255,11
DA:257,11
DA:258,11
DA:262,11
DA:263,11
DA:264,11
DA:265,10
DA:267,1
DA:268,1
DA:270,10
DA:272,11
DA:274,11
DA:275,11
DA:276,11
DA:277,11
DA:279,11
DA:281,11
DA:282,11
DA:287,8
DA:288,8
DA:289,7
DA:290,7
DA:291,6
DA:292,6
DA:294,7
DA:296,8
DA:304,6
DA:305,5
DA:306,5
DA:307,4
DA:309,4
DA:310,4
DA:311,4
DA:313,4
DA:315,4
DA:319,5
DA:320,3
DA:328,1
DA:329,1
DA:330,1
DA:362,9
DA:363,8
DA:365,7
DA:366,7
DA:367,7
DA:369,7
DA:370,7
DA:378,2
DA:380,1
DA:381,1
DA:383,1
DA:391,8
DA:392,7
DA:394,6
DA:395,6
DA:396,6
DA:397,5
DA:399,3
DA:402,3
DA:404,3
DA:406,2
DA:408,2
LF:112
LH:112
BRDA:106,1,0,8
BRDA:106,1,1,1
BRDA:107,2,0,7
BRDA:107,2,1,1
BRDA:108,3,0,6
BRDA:108,3,1,1
BRDA:109,4,0,4
BRDA:109,4,1,2
BRDA:110,5,0,3
BRDA:110,5,1,1
BRDA:126,6,0,1
BRDA:126,6,1,4
BRDA:131,7,0,2
BRDA:131,7,1,2
BRDA:132,8,0,1
BRDA:132,8,1,1
BRDA:202,9,0,4
BRDA:202,9,1,1
BRDA:203,10,0,3
BRDA:203,10,1,1
BRDA:204,11,0,2
BRDA:204,11,1,1
BRDA:233,12,0,10
BRDA:233,12,1,1
BRDA:235,13,0,6
BRDA:235,13,1,4
BRDA:236,14,0,2
BRDA:236,14,1,4
BRDA:240,15,0,3
BRDA:240,15,1,1
BRDA:241,16,0,1
BRDA:241,16,1,2
BRDA:264,17,0,10
BRDA:264,17,1,1
BRDA:265,18,0,1
BRDA:265,18,1,9
BRDA:288,19,0,7
BRDA:288,19,1,1
BRDA:290,20,0,6
BRDA:290,20,1,1
BRDA:304,21,0,5
BRDA:304,21,1,1
BRDA:306,22,0,4
BRDA:306,22,1,1
BRDA:362,23,0,8
BRDA:362,23,1,1
BRDA:363,24,0,7
BRDA:363,24,1,1
BRDA:378,25,0,1
BRDA:378,25,1,1
BRDA:391,26,0,7
BRDA:391,26,1,1
BRDA:392,27,0,6
BRDA:392,27,1,1
BRDA:396,28,0,5
BRDA:396,28,1,1
BRDA:397,29,0,3
BRDA:397,29,1,2
BRDA:404,30,0,2
BRDA:404,30,1,1
BRF:60
BRH:60
end_of_record
